Running: C:\Xilinx\14.7\ISE_DS\ISE\bin\nt64\unwrapped\fuse.exe -nodebug -prj mips.prj -o mips.exe mips_tb 
ISim P.20131013 (signature 0x7708f090)
Number of CPUs detected in this system: 8
Turning on mult-threading, number of parallel sub-compilation jobs: 16 
Determining compilation order of HDL files
Analyzing Verilog file "..\src\CTRL.v" into library work
Analyzing Verilog file "..\src\C_IFU.v" into library work
Analyzing Verilog file "..\src\C_NPC.v" into library work
Analyzing Verilog file "..\src\D_CMP.v" into library work
Analyzing Verilog file "..\src\D_EXT.v" into library work
Analyzing Verilog file "..\src\D_W_GRF.v" into library work
Analyzing Verilog file "..\src\E_ALU.v" into library work
Analyzing Verilog file "..\src\E_MD.v" into library work
Analyzing Verilog file "..\src\mips.v" into library work
Analyzing Verilog file "..\src\mips_tb.v" into library work
Analyzing Verilog file "..\src\M_DM.v" into library work
Analyzing Verilog file "..\src\parameters.v" into library work
Starting static elaboration
WARNING:HDLCompiler:1016 - "..\src\mips.v" Line 81: Port dm_op is not connected to this instance
WARNING:HDLCompiler:1016 - "..\src\mips.v" Line 339: Port cmp_signed is not connected to this instance
WARNING:HDLCompiler:1016 - "..\src\mips.v" Line 506: Port cmp_signed is not connected to this instance
WARNING:HDLCompiler:1016 - "..\src\mips.v" Line 629: Port cmp_signed is not connected to this instance
Completed static elaboration
Compiling module IFU
Compiling module CTRL
Compiling module GRF
Compiling module NPC
Compiling module EXT
Compiling module CMP
Compiling module ALU
Compiling module MD
Compiling module DM
Compiling module mips
Compiling module mips_tb
Time Resolution for simulation is 1ps.
Waiting for 1 sub-compilation(s) to finish...
Compiled 11 Verilog Units
Built simulation executable mips.exe
Fuse Memory Usage: 33336 KB
Fuse CPU Usage: 249 ms
